TN:
SF:lib\app.ts
FN:12,(anonymous_7)
FN:17,(anonymous_8)
FNF:2
FNH:2
FNDA:1,(anonymous_7)
FNDA:1,(anonymous_8)
DA:3,1
DA:4,1
DA:5,1
DA:6,1
DA:9,1
DA:10,1
DA:13,1
DA:14,1
DA:19,1
DA:20,1
DA:22,1
DA:27,1
LF:12
LH:12
BRF:0
BRH:0
end_of_record
TN:
SF:lib\controllers\crmController.ts
FN:12,(anonymous_13)
FN:14,(anonymous_14)
FN:24,(anonymous_15)
FN:32,(anonymous_17)
FN:33,(anonymous_18)
FN:41,(anonymous_19)
FNF:6
FNH:3
FNDA:1,(anonymous_13)
FNDA:1,(anonymous_14)
FNDA:1,(anonymous_15)
FNDA:0,(anonymous_17)
FNDA:0,(anonymous_18)
FNDA:0,(anonymous_19)
DA:3,1
DA:4,1
DA:7,1
DA:9,1
DA:13,1
DA:14,1
DA:15,1
DA:16,0
DA:19,1
DA:26,1
DA:27,1
DA:28,1
DA:33,0
DA:34,0
DA:35,0
DA:37,0
DA:42,0
DA:43,0
DA:45,0
DA:46,0
DA:50,0
DA:52,0
LF:22
LH:11
BRDA:15,0,0,0
BRDA:15,0,1,1
BRDA:34,1,0,0
BRDA:34,1,1,0
BRF:4
BRH:1
end_of_record
TN:
SF:lib\db\index.ts
FN:4,connect
FN:5,(anonymous_2)
FN:14,(anonymous_3)
FN:17,(anonymous_4)
FN:38,close
FNF:5
FNH:5
FNDA:1,connect
FNDA:1,(anonymous_2)
FNDA:1,(anonymous_3)
FNDA:1,(anonymous_4)
FNDA:1,close
DA:1,1
DA:2,1
DA:4,1
DA:5,1
DA:8,1
DA:9,1
DA:10,1
DA:11,1
DA:13,1
DA:15,1
DA:18,1
DA:20,1
DA:38,1
DA:39,1
LF:14
LH:14
BRDA:8,0,0,1
BRDA:8,0,1,0
BRDA:18,1,0,0
BRDA:18,1,1,1
BRF:4
BRH:2
end_of_record
TN:
SF:lib\db\models\crmModel.ts
FNF:0
FNH:0
DA:3,1
DA:4,1
DA:7,1
DA:18,1
LF:4
LH:4
BRF:0
BRH:0
end_of_record
TN:
SF:lib\routes\crmRoutes.ts
FN:12,(anonymous_6)
FN:16,(anonymous_7)
FN:31,(anonymous_8)
FN:37,(anonymous_9)
FNF:4
FNH:1
FNDA:1,(anonymous_6)
FNDA:0,(anonymous_7)
FNDA:0,(anonymous_8)
FNDA:0,(anonymous_9)
DA:4,1
DA:5,1
DA:7,1
DA:10,1
DA:15,1
DA:17,0
DA:23,1
DA:29,1
DA:33,0
DA:39,0
DA:45,1
LF:11
LH:8
BRF:0
BRH:0
end_of_record
TN:
SF:lib\utilities\validators\contactValidator.ts
FN:12,(anonymous_0)
FNF:1
FNH:1
FNDA:1,(anonymous_0)
DA:1,1
DA:3,1
DA:13,1
DA:14,1
DA:15,0
DA:16,1
LF:6
LH:5
BRDA:14,0,0,0
BRDA:14,0,1,1
BRF:2
BRH:1
end_of_record
